Using pre-set license
Built from '2020.3/staging' branch; Version is '2020.3.25f1 (9b9180224418) revision 10195328'; Using compiler version '192528614'; Build Type 'Release'
OS: 'Windows 10  (10.0.18363) 64bit Education' Language: 'ko' Physical Memory: 12227 MB
BatchMode: 1, IsHumanControllingUs: 0, StartBugReporterOnCrash: 0, Is64bit: 1, IsPro: 0

COMMAND LINE ARGUMENTS:
D:\unity\2020.3.25f1\Editor\Unity.exe
-adb2
-batchMode
-noUpm
-name
AssetImportWorker0
-projectPath
D:/unity/처음 게임
-logFile
Logs/AssetImportWorker0.log
-srvPort
49613
Successfully changed project path to: D:/unity/처음 게임
D:/unity/처음 게임
Using Asset Import Pipeline V2.
Refreshing native plugins compatible for Editor in 101.41 ms, found 3 plugins.
Preloading 0 native plugins for Editor in 0.00 ms.
Initialize engine version: 2020.3.25f1 (9b9180224418)
[Subsystems] Discovering subsystems at path D:/unity/2020.3.25f1/Editor/Data/Resources/UnitySubsystems
[Subsystems] Discovering subsystems at path D:/unity/처음 게임/Assets
GfxDevice: creating device client; threaded=0
Direct3D:
    Version:  Direct3D 11.0 [level 11.1]
    Renderer: NVIDIA GeForce GTX 1050 (ID=0x1c81)
    Vendor:   
    VRAM:     1977 MB
    Driver:   27.21.14.5671
Initialize mono
Mono path[0] = 'D:/unity/2020.3.25f1/Editor/Data/Managed'
Mono path[1] = 'D:/unity/2020.3.25f1/Editor/Data/MonoBleedingEdge/lib/mono/unityjit'
Mono config path = 'D:/unity/2020.3.25f1/Editor/Data/MonoBleedingEdge/etc'
Using monoOptions --debugger-agent=transport=dt_socket,embedding=1,server=y,suspend=n,address=127.0.0.1:56020
Begin MonoManager ReloadAssembly
Registering precompiled unity dll's ...
Register platform support module: D:/unity/2020.3.25f1/Editor/Data/PlaybackEngines/WindowsStandaloneSupport/UnityEditor.WindowsStandalone.Extensions.dll
Registered in 0.001849 seconds.
Native extension for WindowsStandalone target not found
Refreshing native plugins compatible for Editor in 77.96 ms, found 3 plugins.
Preloading 0 native plugins for Editor in 0.00 ms.
Mono: successfully reloaded assembly
- Completed reload, in  0.802 seconds
Domain Reload Profiling:
	ReloadAssembly (803ms)
		BeginReloadAssembly (110ms)
			ExecutionOrderSort (0ms)
			DisableScriptedObjects (0ms)
			BackupInstance (0ms)
			ReleaseScriptingObjects (0ms)
			CreateAndSetChildDomain (1ms)
		EndReloadAssembly (596ms)
			LoadAssemblies (110ms)
			RebuildTransferFunctionScriptingTraits (0ms)
			SetupTypeCache (190ms)
			ReleaseScriptCaches (0ms)
			RebuildScriptCaches (40ms)
			SetupLoadedEditorAssemblies (244ms)
				LogAssemblyErrors (0ms)
				InitializePlatformSupportModulesInManaged (6ms)
				SetLoadedEditorAssemblies (1ms)
				RefreshPlugins (78ms)
				BeforeProcessingInitializeOnLoad (12ms)
				ProcessInitializeOnLoadAttributes (109ms)
				ProcessInitializeOnLoadMethodAttributes (37ms)
				AfterProcessingInitializeOnLoad (0ms)
				EditorAssembliesLoaded (0ms)
			ExecutionOrderSort2 (0ms)
			AwakeInstancesAfterBackupRestoration (0ms)
Platform modules already initialized, skipping
Registering precompiled user dll's ...
Registered in 0.012250 seconds.
Begin MonoManager ReloadAssembly
Native extension for WindowsStandalone target not found
Refreshing native plugins compatible for Editor in 68.59 ms, found 3 plugins.
Preloading 0 native plugins for Editor in 0.00 ms.
Mono: successfully reloaded assembly
- Completed reload, in  1.743 seconds
Domain Reload Profiling:
	ReloadAssembly (1745ms)
		BeginReloadAssembly (261ms)
			ExecutionOrderSort (0ms)
			DisableScriptedObjects (9ms)
			BackupInstance (0ms)
			ReleaseScriptingObjects (0ms)
			CreateAndSetChildDomain (29ms)
		EndReloadAssembly (1402ms)
			LoadAssemblies (223ms)
			RebuildTransferFunctionScriptingTraits (0ms)
			SetupTypeCache (433ms)
			ReleaseScriptCaches (1ms)
			RebuildScriptCaches (62ms)
			SetupLoadedEditorAssemblies (594ms)
				LogAssemblyErrors (0ms)
				InitializePlatformSupportModulesInManaged (6ms)
				SetLoadedEditorAssemblies (0ms)
				RefreshPlugins (69ms)
				BeforeProcessingInitializeOnLoad (141ms)
				ProcessInitializeOnLoadAttributes (313ms)
				ProcessInitializeOnLoadMethodAttributes (62ms)
				AfterProcessingInitializeOnLoad (3ms)
				EditorAssembliesLoaded (0ms)
			ExecutionOrderSort2 (0ms)
			AwakeInstancesAfterBackupRestoration (8ms)
Platform modules already initialized, skipping
========================================================================
Worker process is ready to serve import requests
Launched and connected shader compiler UnityShaderCompiler.exe after 0.13 seconds
Refreshing native plugins compatible for Editor in 1.47 ms, found 3 plugins.
Preloading 0 native plugins for Editor in 0.00 ms.
Unloading 2742 Unused Serialized files (Serialized files now loaded: 0)
System memory in use before: 109.9 MB.
System memory in use after: 110.1 MB.

Unloading 63 unused Assets to reduce memory usage. Loaded Objects now: 3143.
Total: 10.125600 ms (FindLiveObjects: 0.370800 ms CreateObjectMapping: 0.291800 ms MarkObjects: 9.371000 ms  DeleteObjects: 0.090700 ms)

AssetImportParameters requested are different than current active one (requested -> active):
  custom:framework-win-MediaFoundation: 216162199b28c13a410421893ffa2e32 -> 
  custom:video-decoder-ogg-theora: a1e56fd34408186e4bbccfd4996cb3dc -> 
  custom:container-muxer-webm: aa71ff27fc2769a1b78a27578f13a17b -> 
  custom:container-demuxer-webm: 4f35f7cbe854078d1ac9338744f61a02 -> 
  custom:container-demuxer-ogg: 62fdf1f143b41e24485cea50d1cbac27 -> 
  custom:video-encoder-webm-vp8: eb34c28f22e8b96e1ab97ce403110664 -> 
  custom:video-decoder-webm-vp8: 9c59270c3fd7afecdb556c50c9e8de78 -> 
  custom:audio-decoder-ogg-vorbis: bf7c407c2cedff20999df2af8eb42d56 -> 
  custom:audio-encoder-webm-vorbis: bf7c407c2cedff20999df2af8eb42d56 -> 
========================================================================
Received Import Request.
  path: Assets/게임.png
  artifactKey: Guid(50bca283f8ae6e44e903f73b8eb3b87a) Importer(815301076,1909f56bfc062723c751e8b465ee728b)
Start importing Assets/게임.png using Guid(50bca283f8ae6e44e903f73b8eb3b87a) Importer(815301076,1909f56bfc062723c751e8b465ee728b)  -> (artifact id: 'f0dc6be5b5d5c7f639669f2bad96d6e6') in 0.238188 seconds 
  Import took 0.244147 seconds .

========================================================================
Received Import Request.
  Time since last request: 0.000283 seconds.
  path: Assets/배경.png
  artifactKey: Guid(8d9e7f87cb58886469c13ff8e581511d) Importer(815301076,1909f56bfc062723c751e8b465ee728b)
Start importing Assets/배경.png using Guid(8d9e7f87cb58886469c13ff8e581511d) Importer(815301076,1909f56bfc062723c751e8b465ee728b)  -> (artifact id: '60cb381b0ae118537ff2cc687c417665') in 0.045422 seconds 
  Import took 0.052263 seconds .

========================================================================
Received Import Request.
  Time since last request: 17.351402 seconds.
  path: Assets/BirdJump.cs
  artifactKey: Guid(4d95d629c257be54f90a99dd19b07ea9) Importer(815301076,1909f56bfc062723c751e8b465ee728b)
Start importing Assets/BirdJump.cs using Guid(4d95d629c257be54f90a99dd19b07ea9) Importer(815301076,1909f56bfc062723c751e8b465ee728b)  -> (artifact id: 'e44cbd44fcf503c5df1a6bebad1dd75f') in 0.019481 seconds 
  Import took 0.026406 seconds .

========================================================================
Received Import Request.
  Time since last request: 8.022768 seconds.
  path: Assets/게임_1.controller
  artifactKey: Guid(cd2425a3aefda0348a16dfc8b0dec5a9) Importer(815301076,1909f56bfc062723c751e8b465ee728b)
Start importing Assets/게임_1.controller using Guid(cd2425a3aefda0348a16dfc8b0dec5a9) Importer(815301076,1909f56bfc062723c751e8b465ee728b)  -> (artifact id: '32b2b9eb44011e29614c60ce34f8371d') in 0.023253 seconds 
  Import took 0.029432 seconds .

========================================================================
Received Import Request.
  Time since last request: 0.705127 seconds.
  path: Assets/게임_3.controller
  artifactKey: Guid(91ad5e56a2bf98f4c945fa93eb3f2fb7) Importer(815301076,1909f56bfc062723c751e8b465ee728b)
Start importing Assets/게임_3.controller using Guid(91ad5e56a2bf98f4c945fa93eb3f2fb7) Importer(815301076,1909f56bfc062723c751e8b465ee728b)  -> (artifact id: '6e7a732de8894d0800c8fbbd5926588e') in 0.020949 seconds 
  Import took 0.031821 seconds .

========================================================================
Received Import Request.
  Time since last request: 1.154237 seconds.
  path: Assets/땅.anim
  artifactKey: Guid(7575e1bf6ea700a4582a72386afac994) Importer(815301076,1909f56bfc062723c751e8b465ee728b)
Start importing Assets/땅.anim using Guid(7575e1bf6ea700a4582a72386afac994) Importer(815301076,1909f56bfc062723c751e8b465ee728b)  -> (artifact id: '24a75918ce1407cfc5aa0bdf009f044b') in 0.016501 seconds 
  Import took 0.021501 seconds .

========================================================================
Received Import Request.
  Time since last request: 1.171592 seconds.
  path: Assets/새.anim
  artifactKey: Guid(255be5a50a2df25438a90fc482ba4642) Importer(815301076,1909f56bfc062723c751e8b465ee728b)
Start importing Assets/새.anim using Guid(255be5a50a2df25438a90fc482ba4642) Importer(815301076,1909f56bfc062723c751e8b465ee728b)  -> (artifact id: 'ad450d676d37ff8cf987fd7a855ef7f5') in 0.009258 seconds 
  Import took 0.017555 seconds .

========================================================================
Received Import Request.
  Time since last request: 1.451688 seconds.
  path: Assets/Resources/game.unity
  artifactKey: Guid(55134fd0d1651874181e2446ffca4035) Importer(815301076,1909f56bfc062723c751e8b465ee728b)
Start importing Assets/Resources/game.unity using Guid(55134fd0d1651874181e2446ffca4035) Importer(815301076,1909f56bfc062723c751e8b465ee728b)  -> (artifact id: '948203340fca959b812f05b3156d2e36') in 0.009319 seconds 
  Import took 0.015668 seconds .

========================================================================
Received Import Request.
  Time since last request: 7.996169 seconds.
  path: Assets/Scenes/SampleScene.unity
  artifactKey: Guid(2cda990e2423bbf4892e6590ba056729) Importer(815301076,1909f56bfc062723c751e8b465ee728b)
Start importing Assets/Scenes/SampleScene.unity using Guid(2cda990e2423bbf4892e6590ba056729) Importer(815301076,1909f56bfc062723c751e8b465ee728b)  -> (artifact id: 'b9fa0b607c43d12d5d8081a89de6beb5') in 0.023903 seconds 
  Import took 0.029970 seconds .

AssetImportWorkerClient::OnTransportError - code=2 error=End of file
